<?xml version="1.0" encoding="UTF-8"?>
<testsuite name="belabes.mohamed.cms.PresenterTests" tests="3" skipped="0" failures="0" errors="0" timestamp="2019-05-03T13:27:40" hostname="MacBook-Pro-de-TechLead.local" time="0.578">
  <properties/>
  <testcase name="testInvalidArticlePresenter()" classname="belabes.mohamed.cms.PresenterTests" time="0.549"/>
  <testcase name="testArticlePresenter()" classname="belabes.mohamed.cms.PresenterTests" time="0.001"/>
  <testcase name="testArticleListPresenter()" classname="belabes.mohamed.cms.PresenterTests" time="0.026"/>
  <system-out><![CDATA[]]></system-out>
  <system-err><![CDATA[]]></system-err>
</testsuite>
